C51 COMPILER V9.52.0.0   MAIN                                                              05/07/2016 07:42:39 PAGE 1   


C51 COMPILER V9.52.0.0, COMPILATION OF MODULE MAIN
OBJECT MODULE PLACED IN ..\output\main.obj
COMPILER INVOKED BY: D:\study\ide\keil451\C51\BIN\C51.EXE ..\user\main.c BROWSE INCDIR(..\user\include) DEBUG OBJECTEXTE
                    -ND PRINT(..\listing\main.lst) TABS(2) OBJECT(..\output\main.obj)

line level    source

   1          #include<stdio.h>
   2          #include<reg52.h>
   3          #include"main.h"
   4          #include"delay.h"
   5          #include"lux.h"
   6          #include"esp8266.h"
   7          #include"define.h"
   8          
   9          //todo: 如何中断定时处理ad数据
  10          //todo: 转圈数的控制
  11          
  12          
  13          char cmd_phone[5],info[15];
  14          uchar TempDat,j,flag=1,connect=0,flag_send=0;
  15          uint light=0;
  16          
  17          
  18          
  19          void main(){
  20   1        
  21   1        
  22   1        char cCmd [30]={0};
  23   1        Chip_Init();    //初始化单片机配置
  24   1      
  25   1      
  26   1         send_cmd("AT+RST");
  27   1          while(check_respond(AT_RST)==0);
  28   1        send_cmd("AT+CIPMUX=1");
  29   1          
  30   1        while(check_respond(AT_CIPMUX)==0);
  31   1          
  32   1          send_cmd("AT+CIPSERVER=1,8800");
  33   1          while(check_respond(AT_CIPSERVER)==0);
  34   1        
  35   1      ON=0;
  36   1      
  37   1        while(1){
  38   2          
  39   2          
  40   2          
  41   2          j=20;
  42   2          
  43   2          if(flag==1){
  44   3              if(light>130){
  45   4          
  46   4                  MA=1;
  47   4                  MB=0;
  48   4                  PWM=1;   //占空比0%~100%
  49   4                }else if (light<40){
  50   4                  MA=0;
  51   4                  MB=1;
  52   4                  PWM=1;
  53   4                }else{
  54   4                  MA=0;
C51 COMPILER V9.52.0.0   MAIN                                                              05/07/2016 07:42:39 PAGE 2   

  55   4                  MB=0;
  56   4                }
  57   3      
  58   3          }
  59   2          
  60   2          
  61   2          
  62   2          if(TempDat=='I'){
  63   3              cmd_phone[0]=TempDat;
  64   3            
  65   3          }
  66   2          if(cmd_phone[0]=='I'&&TempDat=='P'){
  67   3              cmd_phone[1]=TempDat;
  68   3            
  69   3          }
  70   2          if(cmd_phone[1]=='P'&&TempDat=='D'){
  71   3              cmd_phone[2]=TempDat;
  72   3            
  73   3          }
  74   2          if(TempDat==':'&&cmd_phone[2]=='D'){
  75   3              cmd_phone[3]=TempDat;
  76   3            
  77   3          }
  78   2          if(cmd_phone[3]==':'){
  79   3              //cmd_phone[4]=TempDat;
  80   3            if(TempDat=='l'){
  81   4                  MA=0;
  82   4                  MB=1;
  83   4                  PWM=1;
  84   4              }else{
  85   4                  MA=1;
  86   4                  MB=0;
  87   4                  PWM=1;
  88   4              }
  89   3              while(j--)
  90   3                  cmd_phone[j]=0;
  91   3              //flag=0;
  92   3              
  93   3              connect=1;
  94   3            flag_send=1;
  95   3            
  96   3          }
  97   2          /*if(cmd_phone[4]!=0){
  98   2              cmd_phone[5]=TempDat;
  99   2              connect=1;
 100   2            flag_send=1;
 101   2            
 102   2          }
 103   2          if(cmd_phone[5]!=0){
 104   2              if(cmd_phone[4]=='l'){
 105   2                  MA=0;
 106   2                  MB=1;
 107   2                  PWM=1;
 108   2              }else{
 109   2                  MA=1;
 110   2                  MB=0;
 111   2                  PWM=1;
 112   2              }
 113   2              while(j--)
 114   2                  cmd_phone[j]=0;
 115   2              flag=0;
 116   2            
C51 COMPILER V9.52.0.0   MAIN                                                              05/07/2016 07:42:39 PAGE 3   

 117   2          } */    
 118   2        }
 119   1        
 120   1      }
 121          
 122          //给adc0809输入周期信号，约为640khz
 123          void timer0() interrupt 1{//定时器0interrupt
 124   1        CLK=~CLK;//输入时钟
 125   1      }
 126          
 127          void esp8266() interrupt 4{//串口中断
 128   1        
 129   1        
 130   1        if (RI){//串口接收完整一个字节
 131   2          TempDat = SBUF;
 132   2          
 133   2          save_data(TempDat);
 134   2          RI = 0; 
 135   2        }
 136   1      
 137   1      }
 138          
 139          void  timer2() interrupt 5{
 140   1        
 141   1        TF2=0;
 142   1        
 143   1        TH2=-60000/256;
 144   1        TH2=-60000%256;
 145   1        
 146   1        
 147   1        ST=0;ST=1;ST=0;
 148   1          //目前定时器中断用给串口了，只好主循环延时判断
 149   1      
 150   1          
 151   1        
 152   1        //light=adc();
 153   1        light=P0;
 154   1        flag=1;
 155   1        
 156   1        if(connect&&flag_send){
 157   2            sprintf(info,"lux:%d",light);
 158   2            send_cmd("AT+CIPSEND=0,10");
 159   2            send_cmd(info);
 160   2          connect=0;
 161   2          flag_send=0;
 162   2          
 163   2        }
 164   1        
 165   1        
 166   1        
 167   1        //time_count--;
 168   1        /*if(time_count==0){
 169   1          flag=1;
 170   1          time_count=20000;
 171   1        }*/
 172   1        
 173   1        
 174   1          //发送给客户端信息
 175   1          //sprintf(cCmd,"lux:%d",light);
 176   1          //send_data(cCmd);
 177   1        
 178   1      }
C51 COMPILER V9.52.0.0   MAIN                                                              05/07/2016 07:42:39 PAGE 4   

 179          
 180          
 181          
 182          
 183          void Chip_Init(void){ //初始化单片机配置
 184   1        
 185   1        EA=1;//开启总中断
 186   1        ES=1;//开启串口中断
 187   1        
 188   1        //IE=0XB0;//开总中断和定时器2中断
 189   1      
 190   1        TMOD = 0X22;  //开启两个定时器，定时器0，工作模式2，读取光强；定时器1，工作模式2，读取wifi信息;自动重装
 191   1      
 192   1        PCON = 0X80; //8位自动重载，波特率加倍,使用串口时设置
 193   1        TH1 = 246;  //用11.0592 MHz波特率 115200
 194   1        TL1 = 0x00; 
 195   1      
 196   1        TR1 = 1;  //打开定时中断1
 197   1      
 198   1        SCON = 0X50;  //串口选择工作模式1使能接收，允许发送，允许接收
 199   1      
 200   1        TH0=393;//定时0，定时中断时间
 201   1        TL0=24;
 202   1      
 203   1        ET0=1;TR0=1;    //打开定时中断0
 204   1      
 205   1      
 206   1      
 207   1        ADDCS=0;
 208   1        
 209   1        
 210   1        TH2=-60000/256;
 211   1        TH2=-60000%256;
 212   1      
 213   1           T2CON=0;
 214   1           T2MOD=0;
 215   1           ET2=1;TR2=1;
 216   1        
 217   1        
 218   1        
 219   1        while(j--)
 220   1                  cmd_phone[j]=0;
 221   1          
 222   1        
 223   1      }


MODULE INFORMATION:   STATIC OVERLAYABLE
   CODE SIZE        =    501    ----
   CONSTANT SIZE    =     92    ----
   XDATA SIZE       =   ----    ----
   PDATA SIZE       =   ----    ----
   DATA SIZE        =     27      30
   IDATA SIZE       =   ----    ----
   BIT SIZE         =   ----    ----
END OF MODULE INFORMATION.


C51 COMPILATION COMPLETE.  0 WARNING(S),  0 ERROR(S)
